<?xml version="1.0" encoding="UTF-8"?>
<testng-results ignored="0" total="1" passed="1" failed="0" skipped="0">
  <reporter-output>
  </reporter-output>
  <suite started-at="2026-01-20T16:51:09 IST" name="Default suite" finished-at="2026-01-20T16:51:47 IST" duration-ms="37348">
    <groups>
    </groups>
    <test started-at="2026-01-20T16:51:09 IST" name="Default test" finished-at="2026-01-20T16:51:47 IST" duration-ms="37348">
      <class name="Test9.EveBookings">
        <test-method is-config="true" signature="setup()[pri:0, instance:Test9.EveBookings@4d1c00d0]" started-at="2026-01-20T16:51:09 IST" name="setup" finished-at="2026-01-20T16:51:10 IST" duration-ms="1074" status="PASS">
          <reporter-output>
          </reporter-output>
        </test-method> <!-- setup -->
        <test-method signature="bookEventAndVerifyInCRM()[pri:0, instance:Test9.EveBookings@4d1c00d0]" started-at="2026-01-20T16:51:10 IST" name="bookEventAndVerifyInCRM" finished-at="2026-01-20T16:51:47 IST" duration-ms="36165" status="PASS">
          <reporter-output>
          </reporter-output>
        </test-method> <!-- bookEventAndVerifyInCRM -->
        <test-method is-config="true" signature="tearDown()[pri:0, instance:Test9.EveBookings@4d1c00d0]" started-at="2026-01-20T16:51:47 IST" name="tearDown" finished-at="2026-01-20T16:51:47 IST" duration-ms="91" status="PASS">
          <reporter-output>
          </reporter-output>
        </test-method> <!-- tearDown -->
      </class> <!-- Test9.EveBookings -->
    </test> <!-- Default test -->
  </suite> <!-- Default suite -->
</testng-results>
