<?xml version="1.0" encoding="UTF-8"?>
<testng-results ignored="0" total="1" passed="1" failed="0" skipped="0">
  <reporter-output>
  </reporter-output>
  <suite started-at="2025-12-06T15:06:33 IST" name="Default suite" finished-at="2025-12-06T15:06:52 IST" duration-ms="18859">
    <groups>
    </groups>
    <test started-at="2025-12-06T15:06:33 IST" name="Default test" finished-at="2025-12-06T15:06:52 IST" duration-ms="18859">
      <class name="calender.CustomReminderTest">
        <test-method is-config="true" signature="setUp()[pri:0, instance:calender.CustomReminderTest@302552ec]" started-at="2025-12-06T15:06:33 IST" name="setUp" finished-at="2025-12-06T15:06:35 IST" duration-ms="1653" status="PASS">
          <reporter-output>
          </reporter-output>
        </test-method> <!-- setUp -->
        <test-method signature="verifyCustomReminderCreation()[pri:0, instance:calender.CustomReminderTest@302552ec]" started-at="2025-12-06T15:06:35 IST" name="verifyCustomReminderCreation" finished-at="2025-12-06T15:06:52 IST" duration-ms="17066" status="PASS">
          <reporter-output>
          </reporter-output>
        </test-method> <!-- verifyCustomReminderCreation -->
        <test-method is-config="true" signature="tearDown()[pri:0, instance:calender.CustomReminderTest@302552ec]" started-at="2025-12-06T15:06:52 IST" name="tearDown" finished-at="2025-12-06T15:06:52 IST" duration-ms="123" status="PASS">
          <reporter-output>
          </reporter-output>
        </test-method> <!-- tearDown -->
      </class> <!-- calender.CustomReminderTest -->
    </test> <!-- Default test -->
  </suite> <!-- Default suite -->
</testng-results>
